<?xml version="1.0" encoding="UTF-8"?>
<!-- Generated by org.testng.reporters.JUnitReportReporter -->
<testsuite skipped="0" hostname="Hmraghu" name="com.testscript.TC_logintestclass" tests="1" failures="0" timestamp="20 Dec 2018 04:23:35 GMT" time="61.976" errors="0">
  <testcase name="logintest" time="61.976" classname="com.testscript.TC_logintestclass"/>
</testsuite> <!-- com.testscript.TC_logintestclass -->
